<?xml version="1.0" encoding="UTF-8"?>
<!-- Generated by org.testng.reporters.JUnitReportReporter -->
<testsuite skipped="0" hostname="personal-computer" name="com.manojit.testNG.TC001_HMS_Login_Logout" tests="1" failures="0" timestamp="2021-11-27T13:36:17 IST" time="5.277" errors="0">
  <testcase name="hmsLoginLogout" time="5.277" classname="com.manojit.testNG.TC001_HMS_Login_Logout"/>
  <system-out/>
</testsuite> <!-- com.manojit.testNG.TC001_HMS_Login_Logout -->
